SET foo bar
SET foo1 bar1
SET abdo bnd
SET abderr baid
SET abderrahmane baidoune
SET go lang
SET test again
SET foo bar
SET python deaif
SET c++ oop
SET do not
flushed at 1701377213
SET foo_new bar
SET foo1_new bar1
SET abdo_new bnd
SET abderr_new baid
SET abderrahmane_new baidoune
SET go_new lang
SET test_new again
SET foo_new bar
SET python_new deaif
SET c++_new oop
SET do_new not
flushed at 1701377213
SET foo_new_new1 bar
SET foo1_new_new1 bar1
SET abdo_new_new1 bnd
SET abderr_new_new1 baid
SET abderrahmane_new_new1 baidoune
SET go_new_new1 lang
SET test_new_new1 again
SET foo_new_new1 bar
SET python_new_new1 deaif
SET c++_new_new1 oop
SET do_new_new1 not
flushed at 1701377214
DEL python
DEL python
DEL abdo
SET abderr_new_new1 baid
SET abderrahmane_new_new1 baidoune
SET go_new_new1 lang
SET test_new_new1 again
SET foo_new_new1 bar
SET python_new_new1 deaif
SET c++_new_new1 oop
SET do_new_new1 not
flushed at 1701377272
